<?xml version="1.0" encoding="UTF-8" ?>
<testsuite tests="104" failures="0" name="ErrorTest" time="0.045" errors="0" skipped="0">
  <properties>
[...]
</properties>
  <testcase classname="ErrorTest0" name="test001" time="0.005"/>
  <testcase classname="ErrorTest0" name="test002" time="0"/>
  <testcase classname="ErrorTest0" name="test003" time="0"/>
  <testcase classname="ErrorTest0" name="test004" time="0.011"/>
  <testcase classname="ErrorTest0" name="test005" time="0"/>
  <testcase classname="ErrorTest0" name="test006" time="0"/>
  <testcase classname="ErrorTest0" name="test007" time="0"/>
  <testcase classname="ErrorTest0" name="test008" time="0"/>
  <testcase classname="ErrorTest0" name="test009" time="0"/>
  <testcase classname="ErrorTest0" name="test010" time="0"/>
  <testcase classname="ErrorTest0" name="test011" time="0"/>
  <testcase classname="ErrorTest0" name="test012" time="0.012"/>
  <testcase classname="ErrorTest0" name="test013" time="0"/>
  <testcase classname="ErrorTest0" name="test014" time="0"/>
  <testcase classname="ErrorTest0" name="test015" time="0"/>
  <testcase classname="ErrorTest0" name="test016" time="0"/>
  <testcase classname="ErrorTest0" name="test017" time="0"/>
  <testcase classname="ErrorTest0" name="test018" time="0.014"/>
  <testcase classname="ErrorTest0" name="test019" time="0"/>
  <testcase classname="ErrorTest0" name="test020" time="0.001"/>
  <testcase classname="ErrorTest0" name="test021" time="0"/>
  <testcase classname="ErrorTest0" name="test022" time="0"/>
  <testcase classname="ErrorTest0" name="test023" time="0"/>
  <testcase classname="ErrorTest0" name="test024" time="0"/>
  <testcase classname="ErrorTest0" name="test025" time="0"/>
  <testcase classname="ErrorTest0" name="test026" time="0"/>
  <testcase classname="ErrorTest0" name="test027" time="0"/>
  <testcase classname="ErrorTest0" name="test028" time="0"/>
  <testcase classname="ErrorTest0" name="test029" time="0"/>
  <testcase classname="ErrorTest0" name="test030" time="0"/>
  <testcase classname="ErrorTest0" name="test031" time="0"/>
  <testcase classname="ErrorTest0" name="test032" time="0"/>
  <testcase classname="ErrorTest0" name="test033" time="0"/>
  <testcase classname="ErrorTest0" name="test034" time="0"/>
  <testcase classname="ErrorTest0" name="test035" time="0"/>
  <testcase classname="ErrorTest0" name="test036" time="0"/>
  <testcase classname="ErrorTest0" name="test037" time="0"/>
  <testcase classname="ErrorTest0" name="test038" time="0"/>
  <testcase classname="ErrorTest0" name="test039" time="0"/>
  <testcase classname="ErrorTest0" name="test040" time="0"/>
  <testcase classname="ErrorTest0" name="test041" time="0"/>
  <testcase classname="ErrorTest0" name="test042" time="0"/>
  <testcase classname="ErrorTest0" name="test043" time="0"/>
  <testcase classname="ErrorTest0" name="test044" time="0"/>
  <testcase classname="ErrorTest0" name="test045" time="0"/>
  <testcase classname="ErrorTest0" name="test046" time="0"/>
  <testcase classname="ErrorTest0" name="test047" time="0"/>
  <testcase classname="ErrorTest0" name="test048" time="0"/>
  <testcase classname="ErrorTest0" name="test049" time="0"/>
  <testcase classname="ErrorTest0" name="test050" time="0"/>
  <testcase classname="ErrorTest0" name="test051" time="0"/>
  <testcase classname="ErrorTest0" name="test052" time="0"/>
  <testcase classname="ErrorTest0" name="test053" time="0"/>
  <testcase classname="ErrorTest0" name="test054" time="0"/>
  <testcase classname="ErrorTest0" name="test055" time="0"/>
  <testcase classname="ErrorTest0" name="test056" time="0"/>
  <testcase classname="ErrorTest0" name="test057" time="0"/>
  <testcase classname="ErrorTest0" name="test058" time="0"/>
  <testcase classname="ErrorTest0" name="test059" time="0"/>
  <testcase classname="ErrorTest0" name="test060" time="0"/>
  <testcase classname="ErrorTest0" name="test061" time="0"/>
  <testcase classname="ErrorTest0" name="test062" time="0"/>
  <testcase classname="ErrorTest0" name="test063" time="0"/>
  <testcase classname="ErrorTest0" name="test064" time="0"/>
  <testcase classname="ErrorTest0" name="test065" time="0"/>
  <testcase classname="ErrorTest0" name="test066" time="0"/>
  <testcase classname="ErrorTest0" name="test067" time="0"/>
  <testcase classname="ErrorTest0" name="test068" time="0"/>
  <testcase classname="ErrorTest0" name="test069" time="0"/>
  <testcase classname="ErrorTest0" name="test070" time="0"/>
  <testcase classname="ErrorTest0" name="test071" time="0"/>
  <testcase classname="ErrorTest0" name="test072" time="0"/>
  <testcase classname="ErrorTest0" name="test073" time="0"/>
  <testcase classname="ErrorTest0" name="test074" time="0"/>
  <testcase classname="ErrorTest0" name="test075" time="0"/>
  <testcase classname="ErrorTest0" name="test076" time="0"/>
  <testcase classname="ErrorTest0" name="test077" time="0"/>
  <testcase classname="ErrorTest0" name="test078" time="0"/>
  <testcase classname="ErrorTest0" name="test079" time="0.001"/>
  <testcase classname="ErrorTest0" name="test080" time="0"/>
  <testcase classname="ErrorTest0" name="test081" time="0.001"/>
  <testcase classname="ErrorTest0" name="test082" time="0"/>
  <testcase classname="ErrorTest0" name="test083" time="0"/>
  <testcase classname="ErrorTest0" name="test084" time="0"/>
  <testcase classname="ErrorTest0" name="test085" time="0"/>
  <testcase classname="ErrorTest0" name="test086" time="0"/>
  <testcase classname="ErrorTest0" name="test087" time="0"/>
  <testcase classname="ErrorTest0" name="test088" time="0"/>
  <testcase classname="ErrorTest0" name="test089" time="0"/>
  <testcase classname="ErrorTest0" name="test090" time="0"/>
  <testcase classname="ErrorTest0" name="test091" time="0"/>
  <testcase classname="ErrorTest0" name="test092" time="0"/>
  <testcase classname="ErrorTest0" name="test093" time="0"/>
  <testcase classname="ErrorTest0" name="test094" time="0"/>
  <testcase classname="ErrorTest0" name="test095" time="0"/>
  <testcase classname="ErrorTest0" name="test096" time="0"/>
  <testcase classname="ErrorTest0" name="test097" time="0"/>
  <testcase classname="ErrorTest0" name="test098" time="0"/>
  <testcase classname="ErrorTest0" name="test099" time="0"/>
  <testcase classname="ErrorTest0" name="test100" time="0"/>
  <testcase classname="ErrorTest0" name="test101" time="0"/>
  <testcase classname="ErrorTest0" name="test102" time="0"/>
  <testcase classname="ErrorTest0" name="test103" time="0"/>
  <testcase classname="ErrorTest0" name="test104" time="0"/>
</testsuite>